<?xml version="1.0" encoding="UTF-8"?>
<!-- Generated by org.testng.reporters.JUnitReportReporter -->
<testsuite skipped="1" hostname="US-5CG94924ZQ" name="testngFramework.NewTest1" tests="1" failures="0" timestamp="25 May 2021 11:30:33 GMT" time="0.000" errors="0">
  <testcase name="login" time="0.000" classname="testngFramework.NewTest1">
    <skipped/>
  </testcase> <!-- login -->
</testsuite> <!-- testngFramework.NewTest1 -->
