<?xml version="1.0" encoding="UTF-8"?>
<!-- Generated by org.testng.reporters.JUnitReportReporter -->
<testsuite skipped="0" hostname="US-5CG94924ZQ" name="testngFramework.NewTest3" tests="3" failures="0" timestamp="25 May 2021 14:35:02 GMT" time="46.206" errors="0">
  <testcase name="Test1" time="12.797" classname="testngFramework.NewTest3"/>
  <testcase name="Test2" time="18.941" classname="testngFramework.NewTest3"/>
  <testcase name="Test3" time="14.468" classname="testngFramework.NewTest3"/>
</testsuite> <!-- testngFramework.NewTest3 -->
