<?xml version="1.0" encoding="UTF-8"?>
<!-- Generated by org.testng.reporters.JUnitReportReporter -->
<testsuite skipped="1" hostname="US-5CG94924ZQ" name="testngFramework.Sample1" tests="3" failures="0" timestamp="25 May 2021 14:35:02 GMT" time="5.022" errors="0">
  <testcase name="testA" time="0.008" classname="testngFramework.Sample1"/>
  <testcase name="testB" time="5.014" classname="testngFramework.Sample1"/>
  <testcase name="hij" classname="testngFramework.Sample1">
    <skipped/>
  </testcase> <!-- hij -->
</testsuite> <!-- testngFramework.Sample1 -->
