<?xml version="1.0" encoding="UTF-8"?>
<!-- Generated by org.testng.reporters.JUnitReportReporter -->
<testsuite skipped="3" hostname="US-5CG94924ZQ" name="testngFramework.Sample1" tests="3" failures="0" timestamp="25 May 2021 11:30:33 GMT" time="0.000" errors="0">
  <testcase name="testB" time="0.000" classname="testngFramework.Sample1">
    <skipped/>
  </testcase> <!-- testB -->
  <testcase name="testA" time="0.000" classname="testngFramework.Sample1">
    <skipped/>
  </testcase> <!-- testA -->
  <testcase name="hij" classname="testngFramework.Sample1">
    <skipped/>
  </testcase> <!-- hij -->
</testsuite> <!-- testngFramework.Sample1 -->
