<?xml version="1.0" encoding="UTF-8"?>
<!-- Generated by org.testng.reporters.JUnitReportReporter -->
<testsuite skipped="0" hostname="US-5CG94924ZQ" name="testngFramework.sample" tests="2" failures="0" timestamp="25 May 2021 14:35:02 GMT" time="56.777" errors="0">
  <testcase name="verify" time="46.925" classname="testngFramework.sample"/>
  <testcase name="Verifytitle" time="9.852" classname="testngFramework.sample"/>
</testsuite> <!-- testngFramework.sample -->
