<?xml version="1.0" encoding="UTF-8"?>
<!-- Generated by org.testng.reporters.JUnitReportReporter -->
<testsuite skipped="3" hostname="US-5CG94924ZQ" name="testngFramework.NewTest3" tests="3" failures="0" timestamp="25 May 2021 11:30:33 GMT" time="0.000" errors="0">
  <testcase name="Test3" time="0.000" classname="testngFramework.NewTest3">
    <skipped/>
  </testcase> <!-- Test3 -->
  <testcase name="Test2" time="0.000" classname="testngFramework.NewTest3">
    <skipped/>
  </testcase> <!-- Test2 -->
  <testcase name="Test1" time="0.000" classname="testngFramework.NewTest3">
    <skipped/>
  </testcase> <!-- Test1 -->
</testsuite> <!-- testngFramework.NewTest3 -->
