<?xml version="1.0" encoding="UTF-8"?>
<!-- Generated by org.testng.reporters.JUnitReportReporter -->
<testsuite hostname="INHYNSKSHEERA01" name="testngFramework.NewTest1" tests="1" failures="0" timestamp="8 Feb 2022 06:47:05 GMT" time="2.970" errors="0">
  <testcase name="login" time="2.970" classname="testngFramework.NewTest1"/>
</testsuite> <!-- testngFramework.NewTest1 -->
