<?xml version="1.0" encoding="UTF-8"?>
<!-- Generated by org.testng.reporters.JUnitReportReporter -->
<testsuite skipped="0" hostname="US-5CG94924ZQ" name="testngFramework.NewTest1" tests="1" failures="0" timestamp="25 May 2021 15:33:31 GMT" time="15.466" errors="0">
  <testcase name="login" time="15.466" classname="testngFramework.NewTest1"/>
</testsuite> <!-- testngFramework.NewTest1 -->
